This file contains any messages produced by compilers while
running configure, to aid debugging if configure makes a mistake.

It was created by glib configure 2.29.14, which was
generated by GNU Autoconf 2.68.  Invocation command line was

  $ /tmp/glib-2.29.14/configure --with-libffi=no

## --------- ##
## Platform. ##
## --------- ##

hostname = sena
uname -m = i686
uname -r = 2.6.33-smp
uname -s = Linux
uname -v = #2 SMP Sat Feb 27 20:12:16 CST 2010

/usr/bin/uname -p = Intel(R) Pentium(R) Dual  CPU  E2180  @ 2.00GHz
/bin/uname -X     = unknown

/bin/arch              = i686
/usr/bin/arch -k       = unknown
/usr/convex/getsysinfo = unknown
/usr/bin/hostinfo      = unknown
/bin/machine           = unknown
/usr/bin/oslevel       = unknown
/bin/universe          = unknown

PATH: /usr/local/sbin
PATH: /usr/sbin
PATH: /sbin
PATH: /usr/local/bin
PATH: /usr/bin
PATH: /bin
PATH: /usr/games
PATH: /usr/lib/java/bin
PATH: /usr/lib/java/jre/bin
PATH: /usr/lib/qt/bin
PATH: /usr/share/texmf/bin


## ----------- ##
## Core tests. ##
## ----------- ##

configure:2939: checking for a BSD-compatible install
configure:3007: result: /usr/bin/ginstall -c
configure:3018: checking whether build environment is sane
configure:3068: result: yes
configure:3209: checking for a thread-safe mkdir -p
configure:3248: result: /usr/bin/mkdir -p
configure:3261: checking for gawk
configure:3277: found /usr/bin/gawk
configure:3288: result: gawk
configure:3299: checking whether make sets $(MAKE)
configure:3321: result: yes
configure:3387: checking how to create a ustar tar archive
configure:3400: tar --version
tar (GNU tar) 1.22
Copyright (C) 2009 Free Software Foundation, Inc.
License GPLv3+: GNU GPL version 3 or later <http://gnu.org/licenses/gpl.html>.
This is free software: you are free to change and redistribute it.
There is NO WARRANTY, to the extent permitted by law.

Written by John Gilmore and Jay Fenlason.
configure:3403: $? = 0
configure:3443: tardir=conftest.dir && eval tar --format=ustar -chf - "$tardir" >conftest.tar
configure:3446: $? = 0
configure:3450: tar -xf - <conftest.tar
configure:3453: $? = 0
configure:3466: result: gnutar
configure:3474: checking whether to disable maintainer-specific portions of Makefiles
configure:3483: result: yes
configure:3603: checking for gcc
configure:3619: found /usr/bin/gcc
configure:3630: result: gcc
configure:3859: checking for C compiler version
configure:3868: gcc --version >&5
gcc (GCC) 4.4.4
Copyright (C) 2010 Free Software Foundation, Inc.
This is free software; see the source for copying conditions.  There is NO
warranty; not even for MERCHANTABILITY or FITNESS FOR A PARTICULAR PURPOSE.

configure:3879: $? = 0
configure:3868: gcc -v >&5
Reading specs from /usr/lib/gcc/i486-slackware-linux/4.4.4/specs
Target: i486-slackware-linux
Configured with: ../gcc-4.4.4/configure --prefix=/usr --libdir=/usr/lib --enable-shared --enable-bootstrap --enable-languages=ada,c,c++,fortran,java,objc --enable-threads=posix --enable-checking=release --with-system-zlib --with-python-dir=/lib/python2.6/site-packages --disable-libunwind-exceptions --enable-__cxa_atexit --enable-libssp --with-gnu-ld --verbose --with-arch=i486 --target=i486-slackware-linux --build=i486-slackware-linux --host=i486-slackware-linux
Thread model: posix
gcc version 4.4.4 (GCC) 
configure:3879: $? = 0
configure:3868: gcc -V >&5
gcc: '-V' option must have argument
configure:3879: $? = 1
configure:3868: gcc -qversion >&5
gcc: unrecognized option '-qversion'
gcc: no input files
configure:3879: $? = 1
configure:3899: checking whether the C compiler works
configure:3921: gcc    conftest.c  >&5
configure:3925: $? = 0
configure:3973: result: yes
configure:3976: checking for C compiler default output file name
configure:3978: result: a.out
configure:3984: checking for suffix of executables
configure:3991: gcc -o conftest    conftest.c  >&5
configure:3995: $? = 0
configure:4017: result: 
configure:4039: checking whether we are cross compiling
configure:4047: gcc -o conftest    conftest.c  >&5
configure:4051: $? = 0
configure:4058: ./conftest
configure:4062: $? = 0
configure:4077: result: no
configure:4082: checking for suffix of object files
configure:4104: gcc -c   conftest.c >&5
configure:4108: $? = 0
configure:4129: result: o
configure:4133: checking whether we are using the GNU C compiler
configure:4152: gcc -c   conftest.c >&5
configure:4152: $? = 0
configure:4161: result: yes
configure:4170: checking whether gcc accepts -g
configure:4190: gcc -c -g  conftest.c >&5
configure:4190: $? = 0
configure:4231: result: yes
configure:4248: checking for gcc option to accept ISO C89
configure:4312: gcc  -c -g -O2  conftest.c >&5
configure:4312: $? = 0
configure:4325: result: none needed
configure:4356: checking for style of include used by make
configure:4384: result: GNU
configure:4409: checking dependency style of gcc
configure:4519: result: gcc3
configure:4539: checking how to run the C preprocessor
configure:4570: gcc -E  conftest.c
configure:4570: $? = 0
configure:4584: gcc -E  conftest.c
conftest.c:14:28: error: ac_nonexistent.h: No such file or directory
configure:4584: $? = 1
configure: failed program was:
| /* confdefs.h */
| #define PACKAGE_NAME "glib"
| #define PACKAGE_TARNAME "glib"
| #define PACKAGE_VERSION "2.29.14"
| #define PACKAGE_STRING "glib 2.29.14"
| #define PACKAGE_BUGREPORT "http://bugzilla.gnome.org/enter_bug.cgi?product=glib"
| #define PACKAGE_URL ""
| #define GLIB_MAJOR_VERSION 2
| #define GLIB_MINOR_VERSION 29
| #define GLIB_MICRO_VERSION 14
| #define GLIB_INTERFACE_AGE 0
| #define GLIB_BINARY_AGE 2914
| /* end confdefs.h.  */
| #include <ac_nonexistent.h>
configure:4609: result: gcc -E
configure:4629: gcc -E  conftest.c
configure:4629: $? = 0
configure:4643: gcc -E  conftest.c
conftest.c:14:28: error: ac_nonexistent.h: No such file or directory
configure:4643: $? = 1
configure: failed program was:
| /* confdefs.h */
| #define PACKAGE_NAME "glib"
| #define PACKAGE_TARNAME "glib"
| #define PACKAGE_VERSION "2.29.14"
| #define PACKAGE_STRING "glib 2.29.14"
| #define PACKAGE_BUGREPORT "http://bugzilla.gnome.org/enter_bug.cgi?product=glib"
| #define PACKAGE_URL ""
| #define GLIB_MAJOR_VERSION 2
| #define GLIB_MINOR_VERSION 29
| #define GLIB_MICRO_VERSION 14
| #define GLIB_INTERFACE_AGE 0
| #define GLIB_BINARY_AGE 2914
| /* end confdefs.h.  */
| #include <ac_nonexistent.h>
configure:4676: checking build system type
configure:4690: result: i686-pc-linux-gnu
configure:4710: checking host system type
configure:4723: result: i686-pc-linux-gnu
configure:4744: checking for the BeOS
configure:4754: result: no
configure:4758: checking for Win32
configure:4792: result: no
configure:4798: checking for Mac OS X Carbon support
configure:4809: gcc -E  conftest.c
conftest.c:15:27: error: Carbon/Carbon.h: No such file or directory
conftest.c:16:39: error: CoreServices/CoreServices.h: No such file or directory
configure:4809: $? = 1
configure: failed program was:
| /* confdefs.h */
| #define PACKAGE_NAME "glib"
| #define PACKAGE_TARNAME "glib"
| #define PACKAGE_VERSION "2.29.14"
| #define PACKAGE_STRING "glib 2.29.14"
| #define PACKAGE_BUGREPORT "http://bugzilla.gnome.org/enter_bug.cgi?product=glib"
| #define PACKAGE_URL ""
| #define GLIB_MAJOR_VERSION 2
| #define GLIB_MINOR_VERSION 29
| #define GLIB_MICRO_VERSION 14
| #define GLIB_INTERFACE_AGE 0
| #define GLIB_BINARY_AGE 2914
| /* end confdefs.h.  */
| 
| #include <Carbon/Carbon.h>
| #include <CoreServices/CoreServices.h>
| 
configure:4814: result: no
configure:5206: checking for grep that handles long lines and -e
configure:5264: result: /usr/bin/grep
configure:5269: checking for egrep
configure:5331: result: /usr/bin/grep -E
configure:5337: checking whether we are using the GNU C Library 2.1 or newer
configure:5364: result: yes
configure:5417: checking whether to enable garbage collector friendliness
configure:5426: result: no
configure:5430: checking whether to disable memory pools
configure:5433: result: no
configure:5514: checking for c++
configure:5530: found /usr/bin/c++
configure:5541: result: c++
configure:5684: checking for C++ compiler version
configure:5693: c++ --version >&5
c++ (GCC) 4.4.4
Copyright (C) 2010 Free Software Foundation, Inc.
This is free software; see the source for copying conditions.  There is NO
warranty; not even for MERCHANTABILITY or FITNESS FOR A PARTICULAR PURPOSE.

configure:5704: $? = 0
configure:5693: c++ -v >&5
Reading specs from /usr/lib/gcc/i486-slackware-linux/4.4.4/specs
Target: i486-slackware-linux
Configured with: ../gcc-4.4.4/configure --prefix=/usr --libdir=/usr/lib --enable-shared --enable-bootstrap --enable-languages=ada,c,c++,fortran,java,objc --enable-threads=posix --enable-checking=release --with-system-zlib --with-python-dir=/lib/python2.6/site-packages --disable-libunwind-exceptions --enable-__cxa_atexit --enable-libssp --with-gnu-ld --verbose --with-arch=i486 --target=i486-slackware-linux --build=i486-slackware-linux --host=i486-slackware-linux
Thread model: posix
gcc version 4.4.4 (GCC) 
configure:5704: $? = 0
configure:5693: c++ -V >&5
c++: '-V' option must have argument
configure:5704: $? = 1
configure:5693: c++ -qversion >&5
c++: unrecognized option '-qversion'
c++: no input files
configure:5704: $? = 1
configure:5708: checking whether we are using the GNU C++ compiler
configure:5727: c++ -c   conftest.cpp >&5
configure:5727: $? = 0
configure:5736: result: yes
configure:5745: checking whether c++ accepts -g
configure:5765: c++ -c -g  conftest.cpp >&5
configure:5765: $? = 0
configure:5806: result: yes
configure:5831: checking dependency style of c++
configure:5941: result: gcc3
configure:5968: c++ -c -g -O2  conftest.cpp >&5
configure:5968: $? = 0
configure:6037: checking for gcc
configure:6064: result: gcc
configure:6293: checking for C compiler version
configure:6302: gcc --version >&5
gcc (GCC) 4.4.4
Copyright (C) 2010 Free Software Foundation, Inc.
This is free software; see the source for copying conditions.  There is NO
warranty; not even for MERCHANTABILITY or FITNESS FOR A PARTICULAR PURPOSE.

configure:6313: $? = 0
configure:6302: gcc -v >&5
Reading specs from /usr/lib/gcc/i486-slackware-linux/4.4.4/specs
Target: i486-slackware-linux
Configured with: ../gcc-4.4.4/configure --prefix=/usr --libdir=/usr/lib --enable-shared --enable-bootstrap --enable-languages=ada,c,c++,fortran,java,objc --enable-threads=posix --enable-checking=release --with-system-zlib --with-python-dir=/lib/python2.6/site-packages --disable-libunwind-exceptions --enable-__cxa_atexit --enable-libssp --with-gnu-ld --verbose --with-arch=i486 --target=i486-slackware-linux --build=i486-slackware-linux --host=i486-slackware-linux
Thread model: posix
gcc version 4.4.4 (GCC) 
configure:6313: $? = 0
configure:6302: gcc -V >&5
gcc: '-V' option must have argument
configure:6313: $? = 1
configure:6302: gcc -qversion >&5
gcc: unrecognized option '-qversion'
gcc: no input files
configure:6313: $? = 1
configure:6317: checking whether we are using the GNU C compiler
configure:6345: result: yes
configure:6354: checking whether gcc accepts -g
configure:6415: result: yes
configure:6432: checking for gcc option to accept ISO C89
configure:6509: result: none needed
configure:6531: checking dependency style of gcc
configure:6641: result: gcc3
configure:6660: checking whether gcc and cc understand -c and -o together
configure:6691: gcc -c conftest.c -o conftest2.o >&5
configure:6695: $? = 0
configure:6701: gcc -c conftest.c -o conftest2.o >&5
configure:6705: $? = 0
configure:6716: cc -c conftest.c >&5
configure:6720: $? = 0
configure:6728: cc -c conftest.c -o conftest2.o >&5
configure:6732: $? = 0
configure:6738: cc -c conftest.c -o conftest2.o >&5
configure:6742: $? = 0
configure:6760: result: yes
configure:6794: checking for special C compiler options needed for large files
configure:6839: result: no
configure:6845: checking for _FILE_OFFSET_BITS value needed for large files
configure:6870: gcc -c -g -O2  conftest.c >&5
conftest.c:21: warning: left shift count >= width of type
conftest.c:21: warning: left shift count >= width of type
conftest.c:23: error: size of array 'off_t_is_large' is negative
configure:6870: $? = 1
configure: failed program was:
| /* confdefs.h */
| #define PACKAGE_NAME "glib"
| #define PACKAGE_TARNAME "glib"
| #define PACKAGE_VERSION "2.29.14"
| #define PACKAGE_STRING "glib 2.29.14"
| #define PACKAGE_BUGREPORT "http://bugzilla.gnome.org/enter_bug.cgi?product=glib"
| #define PACKAGE_URL ""
| #define GLIB_MAJOR_VERSION 2
| #define GLIB_MINOR_VERSION 29
| #define GLIB_MICRO_VERSION 14
| #define GLIB_INTERFACE_AGE 0
| #define GLIB_BINARY_AGE 2914
| #define _GNU_SOURCE 1
| /* end confdefs.h.  */
| #include <sys/types.h>
|  /* Check that off_t can represent 2**63 - 1 correctly.
|     We can't simply define LARGE_OFF_T to be 9223372036854775807,
|     since some C++ compilers masquerading as C compilers
|     incorrectly reject 9223372036854775807.  */
| #define LARGE_OFF_T (((off_t) 1 << 62) - 1 + ((off_t) 1 << 62))
|   int off_t_is_large[(LARGE_OFF_T % 2147483629 == 721
| 		       && LARGE_OFF_T % 2147483647 == 1)
| 		      ? 1 : -1];
| int
| main ()
| {
| 
|   ;
|   return 0;
| }
configure:6894: gcc -c -g -O2  conftest.c >&5
configure:6894: $? = 0
configure:6902: result: 64
configure:7039: checking for pkg-config
configure:7057: found /usr/bin/pkg-config
configure:7069: result: /usr/bin/pkg-config
configure:7094: checking pkg-config is at least version 0.16
configure:7097: result: yes
configure:7172: checking for gawk
configure:7199: result: gawk
configure:7214: checking for perl5
configure:7244: result: no
configure:7214: checking for perl
configure:7230: found /usr/bin/perl
configure:7241: result: perl
configure:7255: checking for indent
configure:7271: found /usr/bin/indent
configure:7282: result: indent
configure:7304: checking for perl
configure:7322: found /usr/bin/perl
configure:7334: result: /usr/bin/perl
configure:7380: checking for a Python interpreter with version >= 2.4
configure:7397: python -c import sys # split strings by '.' and convert to numeric. Append some zeros # because we need at least 4 digits for the hex conversion. # map returns an iterator in Python 3.0 and a list in 2.x minver = list(map(int, '2.4'.split('.'))) + [0, 0, 0] minverhex = 0 # xrange is not present in Python 3.0 and range returns an iterator for i in list(range(0, 4)): minverhex = (minverhex << 8) + minver[i] sys.exit(sys.hexversion < minverhex)
configure:7400: $? = 0
configure:7406: result: python
configure:7414: checking for python
configure:7432: found /usr/bin/python
configure:7444: result: /usr/bin/python
configure:7462: checking for python version
configure:7469: result: 2.6
configure:7481: checking for python platform
configure:7488: result: linux2
configure:7495: checking for python script directory
configure:7524: result: ${prefix}/lib/python2.6/site-packages
configure:7533: checking for python extension module directory
configure:7562: result: ${exec_prefix}/lib/python2.6/site-packages
configure:7595: checking for iconv_open
configure:7595: gcc -o conftest -g -O2   conftest.c  >&5
configure:7595: $? = 0
configure:7595: result: yes
configure:7793: checking Whether to cache iconv descriptors
configure:7815: result: no
configure:7821: checking for ZLIB
configure:7828: $PKG_CONFIG --exists --print-errors "zlib"
configure:7831: $? = 0
configure:7844: $PKG_CONFIG --exists --print-errors "zlib"
configure:7847: $? = 0
configure:7884: result: yes
configure:8072: checking for LIBFFI
configure:8079: $PKG_CONFIG --exists --print-errors "libffi >= 3.0.0"
Package libffi was not found in the pkg-config search path.
Perhaps you should add the directory containing `libffi.pc'
to the PKG_CONFIG_PATH environment variable
No package 'libffi' found
configure:8082: $? = 1
configure:8095: $PKG_CONFIG --exists --print-errors "libffi >= 3.0.0"
Package libffi was not found in the pkg-config search path.
Perhaps you should add the directory containing `libffi.pc'
to the PKG_CONFIG_PATH environment variable
No package 'libffi' found
configure:8098: $? = 1
configure:8111: result: no
No package 'libffi' found
configure:8127: error: Package requirements (libffi >= 3.0.0) were not met:

No package 'libffi' found

Consider adjusting the PKG_CONFIG_PATH environment variable if you
installed software in a non-standard prefix.

Alternatively, you may set the environment variables LIBFFI_CFLAGS
and LIBFFI_LIBS to avoid the need to call pkg-config.
See the pkg-config man page for more details.

## ---------------- ##
## Cache variables. ##
## ---------------- ##

ac_cv_build=i686-pc-linux-gnu
ac_cv_c_compiler_gnu=yes
ac_cv_cxx_compiler_gnu=yes
ac_cv_env_CCC_set=
ac_cv_env_CCC_value=
ac_cv_env_CC_set=
ac_cv_env_CC_value=
ac_cv_env_CFLAGS_set=
ac_cv_env_CFLAGS_value=
ac_cv_env_CPPFLAGS_set=
ac_cv_env_CPPFLAGS_value=
ac_cv_env_CPP_set=
ac_cv_env_CPP_value=
ac_cv_env_CXXCPP_set=
ac_cv_env_CXXCPP_value=
ac_cv_env_CXXFLAGS_set=
ac_cv_env_CXXFLAGS_value=
ac_cv_env_CXX_set=
ac_cv_env_CXX_value=
ac_cv_env_DBUS1_CFLAGS_set=
ac_cv_env_DBUS1_CFLAGS_value=
ac_cv_env_DBUS1_LIBS_set=
ac_cv_env_DBUS1_LIBS_value=
ac_cv_env_LDFLAGS_set=
ac_cv_env_LDFLAGS_value=
ac_cv_env_LIBFFI_CFLAGS_set=
ac_cv_env_LIBFFI_CFLAGS_value=
ac_cv_env_LIBFFI_LIBS_set=
ac_cv_env_LIBFFI_LIBS_value=
ac_cv_env_LIBS_set=
ac_cv_env_LIBS_value=
ac_cv_env_PCRE_CFLAGS_set=
ac_cv_env_PCRE_CFLAGS_value=
ac_cv_env_PCRE_LIBS_set=
ac_cv_env_PCRE_LIBS_value=
ac_cv_env_PKG_CONFIG_LIBDIR_set=
ac_cv_env_PKG_CONFIG_LIBDIR_value=
ac_cv_env_PKG_CONFIG_PATH_set=set
ac_cv_env_PKG_CONFIG_PATH_value=/usr/local/lib/pkgconfig:/usr/lib/pkgconfig
ac_cv_env_PKG_CONFIG_set=
ac_cv_env_PKG_CONFIG_value=
ac_cv_env_ZLIB_CFLAGS_set=
ac_cv_env_ZLIB_CFLAGS_value=
ac_cv_env_ZLIB_LIBS_set=
ac_cv_env_ZLIB_LIBS_value=
ac_cv_env_build_alias_set=
ac_cv_env_build_alias_value=
ac_cv_env_host_alias_set=
ac_cv_env_host_alias_value=
ac_cv_env_target_alias_set=
ac_cv_env_target_alias_value=
ac_cv_func_iconv_open=yes
ac_cv_gnu_library_2_1=yes
ac_cv_host=i686-pc-linux-gnu
ac_cv_objext=o
ac_cv_path_EGREP='/usr/bin/grep -E'
ac_cv_path_GREP=/usr/bin/grep
ac_cv_path_PERL_PATH=/usr/bin/perl
ac_cv_path_PYTHON=/usr/bin/python
ac_cv_path_ac_pt_PKG_CONFIG=/usr/bin/pkg-config
ac_cv_path_install='/usr/bin/ginstall -c'
ac_cv_path_mkdir=/usr/bin/mkdir
ac_cv_prog_AWK=gawk
ac_cv_prog_CPP='gcc -E'
ac_cv_prog_INDENT=indent
ac_cv_prog_PERL=perl
ac_cv_prog_ac_ct_CC=gcc
ac_cv_prog_ac_ct_CXX=c++
ac_cv_prog_cc_c89=
ac_cv_prog_cc_g=yes
ac_cv_prog_cc_gcc_c_o=yes
ac_cv_prog_cxx_g=yes
ac_cv_prog_make_make_set=yes
ac_cv_sys_file_offset_bits=64
ac_cv_sys_largefile_CC=no
am_cv_CC_dependencies_compiler_type=gcc3
am_cv_CXX_dependencies_compiler_type=gcc3
am_cv_pathless_PYTHON=python
am_cv_prog_cc_stdc=
am_cv_prog_tar_ustar=gnutar
am_cv_python_platform=linux2
am_cv_python_pyexecdir='${exec_prefix}/lib/python2.6/site-packages'
am_cv_python_pythondir='${prefix}/lib/python2.6/site-packages'
am_cv_python_version=2.6
pkg_cv_ZLIB_CFLAGS=' '
pkg_cv_ZLIB_LIBS='-lz  '

## ----------------- ##
## Output variables. ##
## ----------------- ##

ABS_GLIB_RUNTIME_LIBDIR=''
ABS_TAPSET_DIR=''
ACLOCAL='${SHELL} /tmp/glib-2.29.14/missing --run aclocal-1.11'
ALLOCA=''
AMDEPBACKSLASH='\'
AMDEP_FALSE='#'
AMDEP_TRUE=''
AMTAR='${SHELL} /tmp/glib-2.29.14/missing --run tar'
AM_BACKSLASH='\'
AM_DEFAULT_VERBOSITY='0'
AR=''
AS=''
AUTOCONF='${SHELL} /tmp/glib-2.29.14/missing --run autoconf'
AUTOHEADER='${SHELL} /tmp/glib-2.29.14/missing --run autoheader'
AUTOMAKE='${SHELL} /tmp/glib-2.29.14/missing --run automake-1.11'
AWK='gawk'
CATALOGS=''
CATOBJEXT=''
CC='gcc'
CCDEPMODE='depmode=gcc3'
CFLAGS='-g -O2'
CONFIG_STATUS_DEPENDENCIES=''
CPP='gcc -E'
CPPFLAGS=''
CROSS_COMPILING_FALSE=''
CROSS_COMPILING_TRUE=''
CXX='c++'
CXXCPP=''
CXXDEPMODE='depmode=gcc3'
CXXFLAGS='-g -O2'
CYGPATH_W='echo'
DATADIRNAME=''
DBUS1_CFLAGS=''
DBUS1_LIBS=''
DEFS=''
DEPDIR='.deps'
DISABLE_MEM_POOLS=''
DLLTOOL=''
DSYMUTIL=''
DTRACE=''
DUMPBIN=''
ECHO_C=''
ECHO_N='-n'
ECHO_T=''
EGREP='/usr/bin/grep -E'
ENABLE_DTRACE_FALSE=''
ENABLE_DTRACE_TRUE=''
ENABLE_GTK_DOC_FALSE=''
ENABLE_GTK_DOC_TRUE=''
ENABLE_MAN_FALSE=''
ENABLE_MAN_TRUE=''
ENABLE_REGEX_FALSE=''
ENABLE_REGEX_TRUE=''
ENABLE_SYSTEMTAP_FALSE=''
ENABLE_SYSTEMTAP_TRUE=''
ENABLE_TIMELOOP_FALSE=''
ENABLE_TIMELOOP_TRUE=''
EXEEXT=''
FAM_LIBS=''
FGREP=''
GETTEXT_PACKAGE=''
GIO=''
GIO_MODULE_DIR=''
GLIBC21='yes'
GLIB_BINARY_AGE='2914'
GLIB_COMPILE_SCHEMAS=''
GLIB_DEBUG_FLAGS='-DG_ENABLE_DEBUG'
GLIB_EXTRA_CFLAGS=''
GLIB_GENMARSHAL=''
GLIB_INTERFACE_AGE='0'
GLIB_LINK_FLAGS=''
GLIB_MAJOR_VERSION='2'
GLIB_MICRO_VERSION='14'
GLIB_MINOR_VERSION='29'
GLIB_RT_LIBS=''
GLIB_RUNTIME_LIBDIR=''
GLIB_VERSION='2.29.14'
GLIB_WIN32_STATIC_COMPILATION_DEFINE=''
GMOFILES=''
GMSGFMT=''
GREP='/usr/bin/grep'
GSPAWN=''
GTHREAD_COMPILE_IMPL_DEFINES=''
GTKDOC_CHECK=''
GTKDOC_MKPDF=''
GTKDOC_REBASE=''
GTK_DOC_BUILD_HTML_FALSE=''
GTK_DOC_BUILD_HTML_TRUE=''
GTK_DOC_BUILD_PDF_FALSE=''
GTK_DOC_BUILD_PDF_TRUE=''
GTK_DOC_USE_LIBTOOL_FALSE=''
GTK_DOC_USE_LIBTOOL_TRUE=''
GTK_DOC_USE_REBASE_FALSE=''
GTK_DOC_USE_REBASE_TRUE=''
G_LIBS_EXTRA=''
G_MODULE_BROKEN_RTLD_GLOBAL=''
G_MODULE_HAVE_DLERROR=''
G_MODULE_IMPL=''
G_MODULE_LDFLAGS=''
G_MODULE_LIBS=''
G_MODULE_LIBS_EXTRA=''
G_MODULE_NEED_USCORE=''
G_MODULE_PLUGIN_LIBS=''
G_MODULE_SUPPORTED=''
G_THREAD_CFLAGS=''
G_THREAD_LIBS=''
G_THREAD_LIBS_EXTRA=''
G_THREAD_LIBS_FOR_GTHREAD=''
HAVE_CXX_FALSE='#'
HAVE_CXX_TRUE=''
HAVE_DBUS1_FALSE=''
HAVE_DBUS1_TRUE=''
HAVE_FAM_FALSE=''
HAVE_FAM_TRUE=''
HAVE_FEN_FALSE=''
HAVE_FEN_TRUE=''
HAVE_GCC_BUILTINS_FOR_ATOMIC_OPERATIONS_FALSE=''
HAVE_GCC_BUILTINS_FOR_ATOMIC_OPERATIONS_TRUE=''
HAVE_GLIB_RUNTIME_LIBDIR_FALSE=''
HAVE_GLIB_RUNTIME_LIBDIR_TRUE='#'
HAVE_GNUC_VISIBILITY_FALSE=''
HAVE_GNUC_VISIBILITY_TRUE=''
HAVE_GOOD_PRINTF_FALSE=''
HAVE_GOOD_PRINTF_TRUE=''
HAVE_INOTIFY_FALSE=''
HAVE_INOTIFY_TRUE=''
HAVE_SUNSTUDIO_VISIBILITY_FALSE=''
HAVE_SUNSTUDIO_VISIBILITY_TRUE=''
HAVE_THREADS_FALSE=''
HAVE_THREADS_TRUE=''
HTML_DIR=''
ICONV_LIBS=''
INDENT='indent'
INSTALL_DATA='${INSTALL} -m 644'
INSTALL_PROGRAM='${INSTALL}'
INSTALL_SCRIPT='${INSTALL}'
INSTALL_STRIP_PROGRAM='$(install_sh) -c -s'
INSTOBJEXT=''
INTLLIBS=''
LD=''
LDFLAGS=''
LIBASYNCNS_LIBADD=''
LIBFFI_CFLAGS=''
LIBFFI_LIBS=''
LIBOBJS=''
LIBS=''
LIBTOOL=''
LIBTOOL_EXPORT_OPTIONS='-export-symbols-regex "^g.*"'
LIB_EXE_MACHINE_FLAG='X86'
LIPO=''
LN_S=''
LTLIBOBJS=''
LTP=''
LTP_GENHTML=''
LT_AGE='2914'
LT_CURRENT='2914'
LT_CURRENT_MINUS_AGE='0'
LT_RELEASE='2.29'
LT_REVISION='0'
MAINT=''
MAINTAINER_MODE_FALSE='#'
MAINTAINER_MODE_TRUE=''
MAKEINFO='${SHELL} /tmp/glib-2.29.14/missing --run makeinfo'
MANIFEST_TOOL=''
MKDIR_P='/usr/bin/mkdir -p'
MKINSTALLDIRS=''
MSGFMT=''
MSGFMT_OPTS=''
MS_LIB_AVAILABLE_FALSE=''
MS_LIB_AVAILABLE_TRUE='#'
NM=''
NMEDIT=''
OBJDUMP=''
OBJEXT='o'
OS_CARBON_FALSE=''
OS_CARBON_TRUE='#'
OS_LINUX_FALSE='#'
OS_LINUX_TRUE=''
OS_UNIX_FALSE='#'
OS_UNIX_TRUE=''
OS_WIN32_AND_DLL_COMPILATION_FALSE=''
OS_WIN32_AND_DLL_COMPILATION_TRUE=''
OS_WIN32_FALSE=''
OS_WIN32_TRUE='#'
OS_WIN32_X64_FALSE=''
OS_WIN32_X64_TRUE='#'
OTOOL64=''
OTOOL=''
PACKAGE='glib'
PACKAGE_BUGREPORT='http://bugzilla.gnome.org/enter_bug.cgi?product=glib'
PACKAGE_NAME='glib'
PACKAGE_STRING='glib 2.29.14'
PACKAGE_TARNAME='glib'
PACKAGE_URL=''
PACKAGE_VERSION='2.29.14'
PATH_SEPARATOR=':'
PCRE_CFLAGS=''
PCRE_LIBS=''
PCRE_REQUIRES=''
PCRE_WARN_CFLAGS=''
PERL='perl'
PERL_PATH='/usr/bin/perl'
PKG_CONFIG='/usr/bin/pkg-config'
PKG_CONFIG_LIBDIR=''
PKG_CONFIG_PATH='/usr/local/lib/pkgconfig:/usr/lib/pkgconfig'
PLATFORMDEP=''
PLATFORM_WIN32_FALSE=''
PLATFORM_WIN32_TRUE=''
POFILES=''
POSUB=''
PO_IN_DATADIR_FALSE=''
PO_IN_DATADIR_TRUE=''
PYTHON='/usr/bin/python'
PYTHON_EXEC_PREFIX='${exec_prefix}'
PYTHON_PLATFORM='linux2'
PYTHON_PREFIX='${prefix}'
PYTHON_VERSION='2.6'
RANLIB=''
REBUILD=''
SED=''
SELINUX_LIBS=''
SET_MAKE=''
SHELL='/bin/sh'
SHTOOL=''
STRIP=''
USE_NLS=''
USE_SYSTEM_PCRE_FALSE=''
USE_SYSTEM_PCRE_TRUE=''
VERSION='2.29.14'
WINDRES=''
XATTR_LIBS=''
XGETTEXT=''
XMLCATALOG=''
XML_CATALOG_FILE=''
XSLTPROC=''
ZLIB_CFLAGS=' '
ZLIB_LIBS='-lz  '
ac_ct_AR=''
ac_ct_CC='gcc'
ac_ct_CXX='c++'
ac_ct_DUMPBIN=''
am__EXEEXT_FALSE=''
am__EXEEXT_TRUE=''
am__fastdepCC_FALSE='#'
am__fastdepCC_TRUE=''
am__fastdepCXX_FALSE='#'
am__fastdepCXX_TRUE=''
am__include='include'
am__isrc=' -I$(srcdir)'
am__leading_dot='.'
am__quote=''
am__tar='tar --format=ustar -chf - "$$tardir"'
am__untar='tar -xf -'
bindir='${exec_prefix}/bin'
build='i686-pc-linux-gnu'
build_alias=''
build_cpu='i686'
build_os='linux-gnu'
build_vendor='pc'
config_h_INCLUDES=''
datadir='${datarootdir}'
datarootdir='${prefix}/share'
docdir='${datarootdir}/doc/${PACKAGE_TARNAME}'
dvidir='${docdir}'
exec_prefix='NONE'
gio_INCLUDES=''
glib_INCLUDES=''
gmodule_INCLUDES=''
gobject_INCLUDES=''
gthread_INCLUDES=''
host='i686-pc-linux-gnu'
host_alias=''
host_cpu='i686'
host_os='linux-gnu'
host_vendor='pc'
htmldir='${docdir}'
includedir='${prefix}/include'
infodir='${datarootdir}/info'
install_sh='${SHELL} /tmp/glib-2.29.14/install-sh'
libdir='${exec_prefix}/lib'
libexecdir='${exec_prefix}/libexec'
localedir='${datarootdir}/locale'
localstatedir='${prefix}/var'
mandir='${datarootdir}/man'
mkdir_p='/usr/bin/mkdir -p'
ms_librarian=''
oldincludedir='/usr/include'
pdfdir='${docdir}'
pkgpyexecdir='${pyexecdir}/glib'
pkgpythondir='${pythondir}/glib'
prefix='NONE'
program_transform_name='s,x,x,'
psdir='${docdir}'
pyexecdir='${exec_prefix}/lib/python2.6/site-packages'
pythondir='${prefix}/lib/python2.6/site-packages'
sbindir='${exec_prefix}/sbin'
sharedstatedir='${prefix}/com'
sysconfdir='${prefix}/etc'
target_alias=''

## ----------- ##
## confdefs.h. ##
## ----------- ##

/* confdefs.h */
#define PACKAGE_NAME "glib"
#define PACKAGE_TARNAME "glib"
#define PACKAGE_VERSION "2.29.14"
#define PACKAGE_STRING "glib 2.29.14"
#define PACKAGE_BUGREPORT "http://bugzilla.gnome.org/enter_bug.cgi?product=glib"
#define PACKAGE_URL ""
#define GLIB_MAJOR_VERSION 2
#define GLIB_MINOR_VERSION 29
#define GLIB_MICRO_VERSION 14
#define GLIB_INTERFACE_AGE 0
#define GLIB_BINARY_AGE 2914
#define _GNU_SOURCE 1
#define _FILE_OFFSET_BITS 64

configure: exit 1
